0 info it worked if it ends with ok
1 verbose cli [ '/usr/local/nodejs/bin/node',
1 verbose cli   '/usr/local/nodejs/bin/npm',
1 verbose cli   'run',
1 verbose cli   'pack' ]
2 info using npm@3.10.3
3 info using node@v6.5.0
4 verbose run-script [ 'prepack', 'pack', 'postpack' ]
5 info lifecycle Electron-Test@0.0.1~prepack: Electron-Test@0.0.1
6 silly lifecycle Electron-Test@0.0.1~prepack: no script for prepack, continuing
7 info lifecycle Electron-Test@0.0.1~pack: Electron-Test@0.0.1
8 verbose lifecycle Electron-Test@0.0.1~pack: unsafe-perm in lifecycle true
9 verbose lifecycle Electron-Test@0.0.1~pack: PATH: /usr/local/nodejs/lib/node_modules/npm/bin/node-gyp-bin:/home/jedidiah/Documents/Javascript/Projects/ElectronTest/src/node_modules/.bin:/usr/local/nodejs/bin:/home/jedidiah/bin:/home/jedidiah/gradle/default/bin:/home/jedidiah/bin:/usr/local/cuda/bin:/usr/local/nodejs/bin:/usr/local/apache2/bin:/usr/java/default/bin:/usr/local/sbin:/usr/local/bin:/usr/sbin:/usr/bin:/sbin:/bin:/usr/games:/usr/local/games:/opt/local/bin:/opt/local/sbin:/usr/bin/c++:/usr/bin/make
10 verbose lifecycle Electron-Test@0.0.1~pack: CWD: /home/jedidiah/Documents/Javascript/Projects/ElectronTest/src
11 silly lifecycle Electron-Test@0.0.1~pack: Args: [ '-c', 'build --dir' ]
12 info lifecycle Electron-Test@0.0.1~pack: Failed to exec pack script
13 verbose stack Error: Electron-Test@0.0.1 pack: `build --dir`
13 verbose stack spawn ENOENT
13 verbose stack     at ChildProcess.<anonymous> (/usr/local/nodejs/lib/node_modules/npm/lib/utils/spawn.js:33:16)
13 verbose stack     at emitTwo (events.js:106:13)
13 verbose stack     at ChildProcess.emit (events.js:191:7)
13 verbose stack     at maybeClose (internal/child_process.js:877:16)
13 verbose stack     at Process.ChildProcess._handle.onexit (internal/child_process.js:226:5)
14 verbose pkgid Electron-Test@0.0.1
15 verbose cwd /home/jedidiah/Documents/Javascript/Projects/ElectronTest/src
16 error Linux 3.13.0-24-generic
17 error argv "/usr/local/nodejs/bin/node" "/usr/local/nodejs/bin/npm" "run" "pack"
18 error node v6.5.0
19 error npm  v3.10.3
20 error file sh
21 error code ELIFECYCLE
22 error errno ENOENT
23 error syscall spawn
24 error Electron-Test@0.0.1 pack: `build --dir`
24 error spawn ENOENT
25 error Failed at the Electron-Test@0.0.1 pack script 'build --dir'.
25 error Make sure you have the latest version of node.js and npm installed.
25 error If you do, this is most likely a problem with the Electron-Test package,
25 error not with npm itself.
25 error Tell the author that this fails on your system:
25 error     build --dir
25 error You can get information on how to open an issue for this project with:
25 error     npm bugs Electron-Test
25 error Or if that isn't available, you can get their info via:
25 error     npm owner ls Electron-Test
25 error There is likely additional logging output above.
26 verbose exit [ 1, true ]
